
<dict>
	cocos2d.x.version: quick-cocos2d-x 2.2.5
	cocos2d.x.compiled_with_profiler: false
	cocos2d.x.compiled_with_gl_state_cache: true
	gl.vendor: NVIDIA Corporation
	gl.renderer: GeForce GTX 650/PCIe/SSE2
	gl.version: 4.3.0
	gl.max_texture_size: 16384
	gl.max_texture_units: 192
	gl.supports_PVRTC: false
	gl.supports_NPOT: true
	gl.supports_BGRA8888: false
	gl.supports_discard_framebuffer: false
	gl.supports_vertex_array_object: true
</dict>
lua_loadChunksFromZIP() - load zip file: D:\codeTools\quick-cocos2d-x-2.2.5\lib\framework_precompiled\framework_precompiled.zip
lua_loadChunksFromZIP() - loaded chunks count: 108
------------------------------------------------
LOAD LUA FILE: C:/Users/hushencheng/Desktop/pomelo-quick2dxchat/game-client/scripts/main.lua
------------------------------------------------
[0.3067] [INFO] 
[0.3070] [INFO] # DEBUG                        = 1
[0.3074] [INFO] #
[0.3079] [INFO] # device.platform              = windows
[0.3082] [INFO] # device.model                 = unknown
[0.3086] [INFO] # device.language              = cn
[0.3090] [INFO] # device.writablePath          = C:\Users\hushencheng\Desktop\pomelo-quick2dxchat\game-client\
[0.3097] [INFO] # device.cachePath             = C:\Users\hushencheng\Desktop\pomelo-quick2dxchat\game-client\
[0.3105] [INFO] # device.directorySeparator    = \
[0.3109] [INFO] # device.pathSeparator         = ;
[0.3113] [INFO] #
[0.3129] [INFO] # CONFIG_SCREEN_AUTOSCALE      = FIXED_WIDTH
[0.3132] [INFO] # CONFIG_SCREEN_WIDTH          = 480.00
[0.3138] [INFO] # CONFIG_SCREEN_HEIGHT         = 320.00
[0.3145] [INFO] # display.widthInPixels        = 960.00
[0.3150] [INFO] # display.heightInPixels       = 640.00
[0.3155] [INFO] # display.contentScaleFactor   = 2.00
[0.3160] [INFO] # display.width                = 480.00
[0.3167] [INFO] # display.height               = 320.00
[0.3172] [INFO] # display.cx                   = 240.00
[0.3176] [INFO] # display.cy                   = 160.00
[0.3180] [INFO] # display.left                 = 0.00
[0.3185] [INFO] # display.right                = 480.00
[0.3191] [INFO] # display.top                  = 320.00
[0.3195] [INFO] # display.bottom               = 0.00
[0.3200] [INFO] # display.c_left               = -240.00
[0.3207] [INFO] # display.c_right              = 240.00
[0.3212] [INFO] # display.c_top                = 160.00
[0.3217] [INFO] # display.c_bottom             = -160.00
[0.3222] [INFO] #
[1.2816] result=12345  Alice  112323
